[INFO] Scanning for projects...
[WARNING] 
[WARNING] Some problems were encountered while building the effective model for com.inventory:system:jar:0.0.1-SNAPSHOT
[WARNING] 'dependencies.dependency.(groupId:artifactId:type:classifier)' must be unique: org.springframework.boot:spring-boot-starter-validation:jar -> duplicate declaration of version (?) @ line 73, column 15
[WARNING] 
[WARNING] It is highly recommended to fix these problems because they threaten the stability of your build.
[WARNING] 
[WARNING] For this reason, future Maven versions might no longer support building such malformed projects.
[WARNING] 
[INFO] 
[INFO] ------------------------< com.inventory:system >------------------------
[INFO] Building system 0.0.1-SNAPSHOT
[INFO]   from pom.xml
[INFO] --------------------------------[ jar ]---------------------------------
[INFO] 
[INFO] >>> spring-boot:4.1.0:run (default-cli) > test-compile @ system >>>
[INFO] 
[INFO] --- resources:3.5.0:resources (default-resources) @ system ---
[INFO] Copying 1 resource from src\main\resources to target\classes
[INFO] Copying 0 resource from src\main\resources to target\classes
[INFO] 
[INFO] --- compiler:3.15.0:compile (default-compile) @ system ---
[INFO] Nothing to compile - all classes are up to date.
[INFO] 
[INFO] --- resources:3.5.0:testResources (default-testResources) @ system ---
[INFO] skip non existing resourceDirectory C:\Users\jibon\OneDrive\Desktop\store-inventory-system\backend\src\test\resources
[INFO] 
[INFO] --- compiler:3.15.0:testCompile (default-testCompile) @ system ---
[INFO] Nothing to compile - all classes are up to date.
[INFO] 
[INFO] <<< spring-boot:4.1.0:run (default-cli) < test-compile @ system <<<
[INFO] 
[INFO] 
[INFO] --- spring-boot:4.1.0:run (default-cli) @ system ---
[INFO] Attaching agents: []

  .   ____          _            __ _ _
 /\\ / ___'_ __ _ _(_)_ __  __ _ \ \ \ \
( ( )\___ | '_ | '_| | '_ \/ _` | \ \ \ \
 \\/  ___)| |_)| | | | | || (_| |  ) ) ) )
  '  |____| .__|_| |_|_| |_\__, | / / / /
 =========|_|==============|___/=/_/_/_/

 :: Spring Boot ::                (v4.1.0)

2026-06-30T19:11:24.104+08:00  INFO 17672 --- [system] [           main] com.inventory.system.SystemApplication   : Starting SystemApplication using Java 25.0.3 with PID 17672 (C:\Users\jibon\OneDrive\Desktop\store-inventory-system\backend\target\classes started by jibon in C:\Users\jibon\OneDrive\Desktop\store-inventory-system\backend)
2026-06-30T19:11:24.107+08:00  INFO 17672 --- [system] [           main] com.inventory.system.SystemApplication   : No active profile set, falling back to 1 default profile: "default"
2026-06-30T19:11:25.180+08:00  INFO 17672 --- [system] [           main] .s.d.r.c.RepositoryConfigurationDelegate : Bootstrapping Spring Data JPA repositories in DEFAULT mode.
2026-06-30T19:11:25.265+08:00  INFO 17672 --- [system] [           main] .s.d.r.c.RepositoryConfigurationDelegate : Finished Spring Data repository scanning in 68 ms. Found 2 JPA repository interfaces.
2026-06-30T19:11:25.941+08:00  INFO 17672 --- [system] [           main] o.s.boot.tomcat.TomcatWebServer          : Tomcat initialized with port 8080 (http)
2026-06-30T19:11:25.960+08:00  INFO 17672 --- [system] [           main] o.apache.catalina.core.StandardService   : Starting service [Tomcat]
2026-06-30T19:11:25.961+08:00  INFO 17672 --- [system] [           main] o.apache.catalina.core.StandardEngine    : Starting Servlet engine: [Apache Tomcat/11.0.22]
2026-06-30T19:11:26.037+08:00  INFO 17672 --- [system] [           main] b.w.c.s.WebApplicationContextInitializer : Root WebApplicationContext: initialization completed in 1871 ms
2026-06-30T19:11:26.339+08:00  INFO 17672 --- [system] [           main] org.hibernate.orm.jpa                    : HHH008540: Processing PersistenceUnitInfo [name: default]
2026-06-30T19:11:26.420+08:00  INFO 17672 --- [system] [           main] org.hibernate.orm.core                   : HHH000001: Hibernate ORM core version 7.4.1.Final
2026-06-30T19:11:26.956+08:00  INFO 17672 --- [system] [           main] o.s.o.j.p.SpringPersistenceUnitInfo      : No LoadTimeWeaver setup: ignoring JPA class transformer
2026-06-30T19:11:27.006+08:00  INFO 17672 --- [system] [           main] com.zaxxer.hikari.HikariDataSource       : HikariPool-1 - Starting...
2026-06-30T19:11:27.227+08:00  INFO 17672 --- [system] [           main] com.zaxxer.hikari.pool.HikariPool        : HikariPool-1 - Added connection com.mysql.cj.jdbc.ConnectionImpl@5814b4fb
2026-06-30T19:11:27.235+08:00  INFO 17672 --- [system] [           main] com.zaxxer.hikari.HikariDataSource       : HikariPool-1 - Start completed.
2026-06-30T19:11:27.316+08:00  WARN 17672 --- [system] [           main] org.hibernate.orm.core                   : HHH000511: The 5.5.5 version for [org.hibernate.dialect.MySQLDialect] is no longer supported, hence certain features may not work properly.The minimum supported version is 8.0.0. Check the community dialects project for available legacy versions.
2026-06-30T19:11:27.340+08:00  INFO 17672 --- [system] [           main] org.hibernate.orm.connections.pooling    : HHH10001005: Database info:
	Database JDBC URL [jdbc:mysql://localhost:3306/inventory_db]
	Database driver: MySQL Connector/J
	Database dialect: MySQLDialect
	Database version: 5.5.5
	Default catalog/schema: inventory_db/undefined
	Autocommit mode: undefined/unknown
	Isolation level: REPEATABLE_READ [default REPEATABLE_READ]
	JDBC fetch size: none
	Pool: DataSourceConnectionProvider
	Minimum pool size: undefined/unknown
	Maximum pool size: undefined/unknown
2026-06-30T19:11:28.376+08:00  INFO 17672 --- [system] [           main] org.hibernate.orm.core                   : HHH000489: No JTA platform available (set 'hibernate.transaction.jta.platform' to enable JTA platform integration)
2026-06-30T19:11:28.611+08:00  INFO 17672 --- [system] [           main] j.LocalContainerEntityManagerFactoryBean : Initialized JPA EntityManagerFactory for persistence unit 'default'
2026-06-30T19:11:28.697+08:00  INFO 17672 --- [system] [           main] o.s.d.j.r.query.QueryEnhancerFactories   : Hibernate is in classpath; If applicable, HQL parser will be used.
2026-06-30T19:11:29.664+08:00  WARN 17672 --- [system] [           main] JpaBaseConfiguration$JpaWebConfiguration : spring.jpa.open-in-view is enabled by default. Therefore, database queries may be performed during view rendering. Explicitly configure spring.jpa.open-in-view to disable this warning
2026-06-30T19:11:30.124+08:00  INFO 17672 --- [system] [           main] o.s.b.a.e.web.EndpointLinksResolver      : Exposing 1 endpoint beneath base path '/actuator'
2026-06-30T19:11:30.229+08:00  INFO 17672 --- [system] [           main] o.s.boot.tomcat.TomcatWebServer          : Tomcat started on port 8080 (http) with context path '/'
2026-06-30T19:11:30.236+08:00  INFO 17672 --- [system] [           main] com.inventory.system.SystemApplication   : Started SystemApplication in 6.532 seconds (process running for 7.025)
2026-06-30T19:40:20.642+08:00  INFO 17672 --- [system] [nio-8080-exec-5] o.a.c.c.C.[Tomcat].[localhost].[/]       : Initializing Spring DispatcherServlet 'dispatcherServlet'
2026-06-30T19:40:20.645+08:00  INFO 17672 --- [system] [nio-8080-exec-5] o.s.web.servlet.DispatcherServlet        : Initializing Servlet 'dispatcherServlet'
2026-06-30T19:40:20.649+08:00  INFO 17672 --- [system] [nio-8080-exec-5] o.s.web.servlet.DispatcherServlet        : Completed initialization in 3 ms
Hibernate: select p1_0.id,p1_0.barcode,p1_0.name,p1_0.price,p1_0.quantity from products p1_0
Hibernate: select p1_0.id,p1_0.barcode,p1_0.name,p1_0.price,p1_0.quantity from products p1_0
Hibernate: select p1_0.id,p1_0.barcode,p1_0.name,p1_0.price,p1_0.quantity from products p1_0
Hibernate: select p1_0.id,p1_0.barcode,p1_0.name,p1_0.price,p1_0.quantity from products p1_0
Hibernate: select p1_0.id,p1_0.barcode,p1_0.name,p1_0.price,p1_0.quantity from products p1_0
Hibernate: select p1_0.id,p1_0.barcode,p1_0.name,p1_0.price,p1_0.quantity from products p1_0
Hibernate: select p1_0.id,p1_0.barcode,p1_0.name,p1_0.price,p1_0.quantity from products p1_0
Hibernate: select p1_0.id,p1_0.barcode,p1_0.name,p1_0.price,p1_0.quantity from products p1_0
Hibernate: select p1_0.id,p1_0.barcode,p1_0.name,p1_0.price,p1_0.quantity from products p1_0
Hibernate: select p1_0.id,p1_0.barcode,p1_0.name,p1_0.price,p1_0.quantity from products p1_0
Hibernate: select p1_0.id,p1_0.barcode,p1_0.name,p1_0.price,p1_0.quantity from products p1_0
Hibernate: select p1_0.id,p1_0.barcode,p1_0.name,p1_0.price,p1_0.quantity from products p1_0
Hibernate: select p1_0.id,p1_0.barcode,p1_0.name,p1_0.price,p1_0.quantity from products p1_0
Hibernate: select p1_0.id,p1_0.barcode,p1_0.name,p1_0.price,p1_0.quantity from products p1_0
Hibernate: select p1_0.id,p1_0.barcode,p1_0.name,p1_0.price,p1_0.quantity from products p1_0
Hibernate: select p1_0.id,p1_0.barcode,p1_0.name,p1_0.price,p1_0.quantity from products p1_0
Hibernate: select p1_0.id,p1_0.barcode,p1_0.name,p1_0.price,p1_0.quantity from products p1_0
Hibernate: select p1_0.id,p1_0.barcode,p1_0.name,p1_0.price,p1_0.quantity from products p1_0
Hibernate: select p1_0.id,p1_0.barcode,p1_0.name,p1_0.price,p1_0.quantity from products p1_0
Hibernate: select p1_0.id,p1_0.barcode,p1_0.name,p1_0.price,p1_0.quantity from products p1_0
Hibernate: select p1_0.id,p1_0.barcode,p1_0.name,p1_0.price,p1_0.quantity from products p1_0
Hibernate: select p1_0.id,p1_0.barcode,p1_0.name,p1_0.price,p1_0.quantity from products p1_0
Hibernate: select p1_0.id,p1_0.barcode,p1_0.name,p1_0.price,p1_0.quantity from products p1_0
Hibernate: select p1_0.id,p1_0.barcode,p1_0.name,p1_0.price,p1_0.quantity from products p1_0
Hibernate: select p1_0.id,p1_0.barcode,p1_0.name,p1_0.price,p1_0.quantity from products p1_0
Hibernate: select p1_0.id,p1_0.barcode,p1_0.name,p1_0.price,p1_0.quantity from products p1_0
Hibernate: select p1_0.id,p1_0.barcode,p1_0.name,p1_0.price,p1_0.quantity from products p1_0
Hibernate: select p1_0.id,p1_0.barcode,p1_0.name,p1_0.price,p1_0.quantity from products p1_0
Hibernate: select p1_0.id,p1_0.barcode,p1_0.name,p1_0.price,p1_0.quantity from products p1_0
Hibernate: select p1_0.id,p1_0.barcode,p1_0.name,p1_0.price,p1_0.quantity from products p1_0
Hibernate: select p1_0.id,p1_0.barcode,p1_0.name,p1_0.price,p1_0.quantity from products p1_0
Hibernate: select p1_0.id,p1_0.barcode,p1_0.name,p1_0.price,p1_0.quantity from products p1_0
Hibernate: select p1_0.id,p1_0.barcode,p1_0.name,p1_0.price,p1_0.quantity from products p1_0
Hibernate: select p1_0.id,p1_0.barcode,p1_0.name,p1_0.price,p1_0.quantity from products p1_0
Hibernate: select p1_0.id,p1_0.barcode,p1_0.name,p1_0.price,p1_0.quantity from products p1_0
Hibernate: select p1_0.id,p1_0.barcode,p1_0.name,p1_0.price,p1_0.quantity from products p1_0
Hibernate: select p1_0.id,p1_0.barcode,p1_0.name,p1_0.price,p1_0.quantity from products p1_0
Hibernate: select p1_0.id,p1_0.barcode,p1_0.name,p1_0.price,p1_0.quantity from products p1_0
Hibernate: select p1_0.id,p1_0.barcode,p1_0.name,p1_0.price,p1_0.quantity from products p1_0
Hibernate: select p1_0.id,p1_0.barcode,p1_0.name,p1_0.price,p1_0.quantity from products p1_0
Hibernate: select p1_0.id,p1_0.barcode,p1_0.name,p1_0.price,p1_0.quantity from products p1_0
Hibernate: select p1_0.id,p1_0.barcode,p1_0.name,p1_0.price,p1_0.quantity from products p1_0
Hibernate: select p1_0.id,p1_0.barcode,p1_0.name,p1_0.price,p1_0.quantity from products p1_0
Hibernate: select p1_0.id,p1_0.barcode,p1_0.name,p1_0.price,p1_0.quantity from products p1_0
Hibernate: select p1_0.id,p1_0.barcode,p1_0.name,p1_0.price,p1_0.quantity from products p1_0
Hibernate: select p1_0.id,p1_0.barcode,p1_0.name,p1_0.price,p1_0.quantity from products p1_0
Hibernate: select p1_0.id,p1_0.barcode,p1_0.name,p1_0.price,p1_0.quantity from products p1_0
Hibernate: select p1_0.id,p1_0.barcode,p1_0.name,p1_0.price,p1_0.quantity from products p1_0
Hibernate: select st1_0.id,st1_0.created_at,st1_0.product_id,st1_0.quantity,st1_0.type from stock_transactions st1_0
Hibernate: select p1_0.id,p1_0.barcode,p1_0.name,p1_0.price,p1_0.quantity from products p1_0 where p1_0.id=?
Hibernate: select p1_0.id,p1_0.barcode,p1_0.name,p1_0.price,p1_0.quantity from products p1_0 where p1_0.id=?
Hibernate: select st1_0.id,st1_0.created_at,st1_0.product_id,st1_0.quantity,st1_0.type from stock_transactions st1_0
Hibernate: select p1_0.id,p1_0.barcode,p1_0.name,p1_0.price,p1_0.quantity from products p1_0 where p1_0.id=?
Hibernate: select p1_0.id,p1_0.barcode,p1_0.name,p1_0.price,p1_0.quantity from products p1_0 where p1_0.id=?
Hibernate: select p1_0.id,p1_0.barcode,p1_0.name,p1_0.price,p1_0.quantity from products p1_0
Hibernate: select p1_0.id,p1_0.barcode,p1_0.name,p1_0.price,p1_0.quantity from products p1_0
Hibernate: select p1_0.id,p1_0.barcode,p1_0.name,p1_0.price,p1_0.quantity from products p1_0
Hibernate: select st1_0.id,st1_0.created_at,st1_0.product_id,st1_0.quantity,st1_0.type from stock_transactions st1_0
Hibernate: select p1_0.id,p1_0.barcode,p1_0.name,p1_0.price,p1_0.quantity from products p1_0 where p1_0.id=?
Hibernate: select p1_0.id,p1_0.barcode,p1_0.name,p1_0.price,p1_0.quantity from products p1_0 where p1_0.id=?
Hibernate: select p1_0.id,p1_0.barcode,p1_0.name,p1_0.price,p1_0.quantity from products p1_0
Hibernate: select st1_0.id,st1_0.created_at,st1_0.product_id,st1_0.quantity,st1_0.type from stock_transactions st1_0
Hibernate: select p1_0.id,p1_0.barcode,p1_0.name,p1_0.price,p1_0.quantity from products p1_0 where p1_0.id=?
Hibernate: select p1_0.id,p1_0.barcode,p1_0.name,p1_0.price,p1_0.quantity from products p1_0 where p1_0.id=?
Hibernate: select st1_0.id,st1_0.created_at,st1_0.product_id,st1_0.quantity,st1_0.type from stock_transactions st1_0
Hibernate: select p1_0.id,p1_0.barcode,p1_0.name,p1_0.price,p1_0.quantity from products p1_0 where p1_0.id=?
Hibernate: select p1_0.id,p1_0.barcode,p1_0.name,p1_0.price,p1_0.quantity from products p1_0 where p1_0.id=?
Hibernate: select st1_0.id,st1_0.created_at,st1_0.product_id,st1_0.quantity,st1_0.type from stock_transactions st1_0
Hibernate: select p1_0.id,p1_0.barcode,p1_0.name,p1_0.price,p1_0.quantity from products p1_0 where p1_0.id=?
Hibernate: select p1_0.id,p1_0.barcode,p1_0.name,p1_0.price,p1_0.quantity from products p1_0 where p1_0.id=?
Hibernate: select st1_0.id,st1_0.created_at,st1_0.product_id,st1_0.quantity,st1_0.type from stock_transactions st1_0
Hibernate: select p1_0.id,p1_0.barcode,p1_0.name,p1_0.price,p1_0.quantity from products p1_0
Hibernate: select p1_0.id,p1_0.barcode,p1_0.name,p1_0.price,p1_0.quantity from products p1_0 where p1_0.id=?
Hibernate: select p1_0.id,p1_0.barcode,p1_0.name,p1_0.price,p1_0.quantity from products p1_0 where p1_0.id=?
Hibernate: select p1_0.id,p1_0.barcode,p1_0.name,p1_0.price,p1_0.quantity from products p1_0
Hibernate: select st1_0.id,st1_0.created_at,st1_0.product_id,st1_0.quantity,st1_0.type from stock_transactions st1_0
Hibernate: select p1_0.id,p1_0.barcode,p1_0.name,p1_0.price,p1_0.quantity from products p1_0 where p1_0.id=?
Hibernate: select p1_0.id,p1_0.barcode,p1_0.name,p1_0.price,p1_0.quantity from products p1_0 where p1_0.id=?
Hibernate: select p1_0.id,p1_0.barcode,p1_0.name,p1_0.price,p1_0.quantity from products p1_0
Hibernate: select p1_0.id,p1_0.barcode,p1_0.name,p1_0.price,p1_0.quantity from products p1_0
Hibernate: select p1_0.id,p1_0.barcode,p1_0.name,p1_0.price,p1_0.quantity from products p1_0
Hibernate: select p1_0.id,p1_0.barcode,p1_0.name,p1_0.price,p1_0.quantity from products p1_0
[INFO] ------------------------------------------------------------------------
[INFO] BUILD FAILURE
[INFO] ------------------------------------------------------------------------
[INFO] Total time:  47:40 min
[INFO] Finished at: 2026-06-30T19:59:01+08:00
[INFO] ------------------------------------------------------------------------
[ERROR] Failed to execute goal org.springframework.boot:spring-boot-maven-plugin:4.1.0:run (default-cli) on project system: Process terminated with exit code: -1 -> [Help 1]
[ERROR] 
[ERROR] To see the full stack trace of the errors, re-run Maven with the -e switch.
[ERROR] Re-run Maven using the -X switch to enable full debug logging.
[ERROR] 
[ERROR] For more information about the errors and possible solutions, please read the following articles:
[ERROR] [Help 1] http://cwiki.apache.org/confluence/display/MAVEN/MojoExecutionException
